<?xml version="1.0" encoding="UTF-8" ?>
<testsuite errors="0" failures="0" hostname="Petr-PC" name="cz.alej.michalik.totp_test.utility.HMACTest" skipped="0" tests="2" time="0.226" timestamp="2017-01-21T13:21:33">
  <properties>
    <property name="file.encoding.pkg" value="sun.io" />
    <property name="ivy.retrieve.pattern.ivy.instance" value="C:\Users\Petr\workspace\totp/lib/[artifact]-[revision](-[classifier]).[ext]" />
    <property name="java.vendor.url.ivy.instance" value="http://java.oracle.com/" />
    <property name="ivy.local.default.ivy.pattern.ivy.instance" value="[organisation]/[module]/[revision]/[type]s/[artifact].[ext]" />
    <property name="ivy.project.dir.ivy.instance" value="C:\Users\Petr\workspace\totp" />
    <property name="ivy.resolve.default.type.filter" value="*" />
    <property name="java.home" value="C:\Program Files\Java\jdk1.8.0_60\jre" />
    <property name="ivy.configurations.ivy.instance" value="*" />
    <property name="ivy.basedir.ivy.instance" value="C:\Users\Petr\workspace\totp" />
    <property name="ivy.dep.file.ivy.instance" value="ivy.xml" />
    <property name="java.endorsed.dirs" value="C:\Program Files\Java\jdk1.8.0_60\jre\lib\endorsed" />
    <property name="java.class.path.ivy.instance" value="I:\Software\Ant\lib\ant-launcher.jar;I:\Software\Ant\lib\ant-antlr.jar;I:\Software\Ant\lib\ant-apache-bcel.jar;I:\Software\Ant\lib\ant-apache-bsf.jar;I:\Software\Ant\lib\ant-apache-log4j.jar;I:\Software\Ant\lib\ant-apache-oro.jar;I:\Software\Ant\lib\ant-apache-regexp.jar;I:\Software\Ant\lib\ant-apache-resolver.jar;I:\Software\Ant\lib\ant-apache-xalan2.jar;I:\Software\Ant\lib\ant-commons-logging.jar;I:\Software\Ant\lib\ant-commons-net.jar;I:\Software\Ant\lib\ant-jai.jar;I:\Software\Ant\lib\ant-javamail.jar;I:\Software\Ant\lib\ant-jdepend.jar;I:\Software\Ant\lib\ant-jmf.jar;I:\Software\Ant\lib\ant-jsch.jar;I:\Software\Ant\lib\ant-junit.jar;I:\Software\Ant\lib\ant-junit4.jar;I:\Software\Ant\lib\ant-launcher.jar;I:\Software\Ant\lib\ant-netrexx.jar;I:\Software\Ant\lib\ant-swing.jar;I:\Software\Ant\lib\ant-testutil.jar;I:\Software\Ant\lib\ant.jar;C:\Program Files\Java\jdk1.8.0_60\lib\tools.jar" />
    <property name="ivy.home" value="C:\Users\Petr\.ivy2" />
    <property name="src.dir" value="src" />
    <property name="java.vm.specification.vendor.ivy.instance" value="Oracle Corporation" />
    <property name="sun.os.patch.level" value="Service Pack 1" />
    <property name="ivy.dep.file" value="ivy.xml" />
    <property name="java.vendor.url" value="http://java.oracle.com/" />
    <property name="ivy.local.default.artifact.pattern.ivy.instance" value="[organisation]/[module]/[revision]/[type]s/[artifact].[ext]" />
    <property name="ivy.lib.dir.ivy.instance" value="C:\Users\Petr\workspace\totp/lib" />
    <property name="ant.file.TOTP" value="C:\Users\Petr\workspace\totp\build.xml" />
    <property name="java.version" value="1.8.0_60" />
    <property name="sun.stdout.encoding" value="cp852" />
    <property name="ivy.conf.dir.ivy.instance" value="jar:file:/C:/Users/Petr/workspace/totp/lib/ivy.jar!/org/apache/ivy/core/settings" />
    <property name="sun.boot.library.path.ivy.instance" value="C:\Program Files\Java\jdk1.8.0_60\jre\bin" />
    <property name="ivy.report.output.pattern.ivy.instance" value="[organisation]-[module]-[conf].[ext]" />
    <property name="ivy.module" value="totp" />
    <property name="ivy.publish.src.artifacts.pattern.ivy.instance" value="C:\Users\Petr\workspace\totp/distrib/[type]s/[artifact]-[revision](-[classifier]).[ext]" />
    <property name="java.vendor.url.bug" value="http://bugreport.sun.com/bugreport/" />
    <property name="sun.management.compiler.ivy.instance" value="HotSpot 64-Bit Tiered Compilers" />
    <property name="ant.project.invoked-targets" value="test" />
    <property name="ivy.local.default.artifact.pattern" value="[organisation]/[module]/[revision]/[type]s/[artifact].[ext]" />
    <property name="os.name.ivy.instance" value="Windows 7" />
    <property name="ivy.default.ivy.user.dir.ivy.instance" value="C:\Users\Petr\.ivy2" />
    <property name="ivy.default.always.check.exact.revision" value="false" />
    <property name="ivy.default.settings.dir.ivy.instance" value="jar:file:/C:/Users/Petr/workspace/totp/lib/ivy.jar!/org/apache/ivy/core/settings" />
    <property name="user.name" value="Petr" />
    <property name="sun.io.unicode.encoding" value="UnicodeLittle" />
    <property name="ivy.shared.default.root.ivy.instance" value="C:\Users\Petr\.ivy2/shared" />
    <property name="sun.jnu.encoding" value="Cp1250" />
    <property name="java.runtime.name" value="Java(TM) SE Runtime Environment" />
    <property name="ant.home.ivy.instance" value="I:\Software\Ant" />
    <property name="file.encoding.ivy.instance" value="Cp1250" />
    <property name="ivy.cache.ttl.default.ivy.instance" value="10s" />
    <property name="java.specification.vendor.ivy.instance" value="Oracle Corporation" />
    <property name="java.vendor.ivy.instance" value="Oracle Corporation" />
    <property name="sun.cpu.isalist.ivy.instance" value="amd64" />
    <property name="java.specification.name" value="Java Platform API Specification" />
    <property name="user.timezone" value="" />
    <property name="java.endorsed.dirs.ivy.instance" value="C:\Program Files\Java\jdk1.8.0_60\jre\lib\endorsed" />
    <property name="user.script" value="" />
    <property name="path.separator" value=";" />
    <property name="java.class.version.ivy.instance" value="52.0" />
    <property name="ivy.default.conf.dir" value="jar:file:/C:/Users/Petr/workspace/totp/lib/ivy.jar!/org/apache/ivy/core/settings" />
    <property name="file.encoding" value="Cp1250" />
    <property name="java.runtime.name.ivy.instance" value="Java(TM) SE Runtime Environment" />
    <property name="ivy.resolve.default.type.filter.ivy.instance" value="*" />
    <property name="ant.project.default-target" value="main" />
    <property name="ivy.targets.copied" value="false" />
    <property name="sun.java.command" value="org.apache.tools.ant.taskdefs.optional.junit.JUnitTestRunner cz.alej.michalik.totp_test.utility.HMACTest skipNonTests=false filtertrace=true haltOnError=false haltOnFailure=true formatter=org.apache.tools.ant.taskdefs.optional.junit.SummaryJUnitResultFormatter showoutput=false outputtoformatters=true logfailedtests=true threadid=0 logtestlistenerevents=false formatter=org.apache.tools.ant.taskdefs.optional.junit.XMLJUnitResultFormatter,C:\Users\Petr\workspace\totp\build\testreport\xml\TEST-cz.alej.michalik.totp_test.utility.HMACTest.xml crashfile=C:\Users\Petr\workspace\totp\junitvmwatcher7550639455043883445.properties propsfile=C:\Users\Petr\workspace\totp\junit8531298036445375645.properties" />
    <property name="ivy.shared.default.artifact.pattern" value="[organisation]/[module]/[revision]/[type]s/[artifact].[ext]" />
    <property name="ant.file" value="C:\Users\Petr\workspace\totp\build.xml" />
    <property name="ivy.distrib.dir.ivy.instance" value="C:\Users\Petr\workspace\totp/distrib" />
    <property name="ivy.checksums.ivy.instance" value="sha1,md5" />
    <property name="sun.arch.data.model.ivy.instance" value="64" />
    <property name="ivy.build.artifacts.dir.ivy.instance" value="C:\Users\Petr\workspace\totp/build/artifacts" />
    <property name="user.variant.ivy.instance" value="" />
    <property name="ivy.settings.file" value="ivysettings.xml" />
    <property name="java.io.tmpdir" value="C:\Users\Petr\AppData\Local\Temp\" />
    <property name="ivy.buildlist.ivyfilepath.ivy.instance" value="ivy.xml" />
    <property name="ivy.cache.ttl.default" value="10s" />
    <property name="user.language" value="cs" />
    <property name="user.dir.ivy.instance" value="C:\Users\Petr\workspace\totp" />
    <property name="ivy.home.ivy.instance" value="C:\Users\Petr\.ivy2" />
    <property name="line.separator" value="&#xd;&#xa;" />
    <property name="java.specification.version.ivy.instance" value="1.8" />
    <property name="ant.file.type" value="file" />
    <property name="ivy.build.artifacts.dir" value="C:\Users\Petr\workspace\totp/build/artifacts" />
    <property name="ant.file.type.TOTP" value="file" />
    <property name="sun.io.unicode.encoding.ivy.instance" value="UnicodeLittle" />
    <property name="ivy.status" value="integration" />
    <property name="java.vm.info" value="mixed mode" />
    <property name="ivy.lib.dir" value="C:\Users\Petr\workspace\totp/lib" />
    <property name="sun.desktop" value="windows" />
    <property name="java.vm.specification.name" value="Java Virtual Machine Specification" />
    <property name="ivy.default.conf.dir.ivy.instance" value="jar:file:/C:/Users/Petr/workspace/totp/lib/ivy.jar!/org/apache/ivy/core/settings" />
    <property name="java.vm.version.ivy.instance" value="25.60-b23" />
    <property name="ivy.install.version" value="2.1.0-rc2" />
    <property name="user.name.ivy.instance" value="Petr" />
    <property name="ivy.cache.dir" value="C:\Users\Petr\.ivy2\cache" />
    <property name="java.awt.printerjob" value="sun.awt.windows.WPrinterJob" />
    <property name="java.io.tmpdir.ivy.instance" value="C:\Users\Petr\AppData\Local\Temp\" />
    <property name="ant.version" value="Apache Ant(TM) version 1.10.0 compiled on December 27 2016" />
    <property name="java.home.ivy.instance" value="C:\Program Files\Java\jdk1.8.0_60\jre" />
    <property name="java.vm.vendor.ivy.instance" value="Oracle Corporation" />
    <property name="user.script.ivy.instance" value="" />
    <property name="ivy.default.settings.dir" value="jar:file:/C:/Users/Petr/workspace/totp/lib/ivy.jar!/org/apache/ivy/core/settings" />
    <property name="ivy.configurations" value="*" />
    <property name="ivy.settings.url" value="jar:file:/C:/Users/Petr/workspace/totp/lib/ivy.jar!/org/apache/ivy/core/settings/ivysettings.xml" />
    <property name="os.name" value="Windows 7" />
    <property name="java.specification.vendor" value="Oracle Corporation" />
    <property name="sun.jnu.encoding.ivy.instance" value="Cp1250" />
    <property name="ivy.deliver.ivy.pattern.ivy.instance" value="C:\Users\Petr\workspace\totp/distrib/[type]s/[artifact]-[revision](-[classifier]).[ext]" />
    <property name="ivy.checksums" value="sha1,md5" />
    <property name="java.vm.name" value="Java HotSpot(TM) 64-Bit Server VM" />
    <property name="ivy.jar.file" value="C:\Users\Petr\workspace\totp/lib/ivy.jar" />
    <property name="ivy.log.modules.in.use" value="false" />
    <property name="java.runtime.version.ivy.instance" value="1.8.0_60-b27" />
    <property name="ivy.report.output.pattern" value="[organisation]-[module]-[conf].[ext]" />
    <property name="ivy.version" value="2.1.0-rc2" />
    <property name="java.library.path" value="C:\Program Files\Java\jdk1.8.0_60\jre\bin;C:\Windows\Sun\Java\bin;C:\Windows\system32;C:\Windows;C:\Program Files (x86)\PC Connectivity Solution\;C:\ProgramData\Oracle\Java\javapath;C:\Program Files\Common Files\Microsoft Shared\Windows Live;C:\Program Files (x86)\Common Files\Microsoft Shared\Windows Live;C:\Program Files (x86)\Intel\iCLS Client\;C:\Program Files\Intel\iCLS Client\;C:\Windows\system32;C:\Windows;C:\Windows\System32\Wbem;C:\Windows\System32\WindowsPowerShell\v1.0\;C:\Program Files\Intel\Intel(R) Management Engine Components\DAL;C:\Program Files\Intel\Intel(R) Management Engine Components\IPT;C:\Program Files (x86)\Intel\Intel(R) Management Engine Components\DAL;C:\Program Files (x86)\Intel\Intel(R) Management Engine Components\IPT;I:\Software\Python;C:\Program Files (x86)\Windows Live\Shared;C:\Program Files (x86)\NVIDIA Corporation\PhysX\Common;C:\Program Files (x86)\Skype\Phone\;C:\Program Files\leJOS EV3\bin;C:\ProgramData\Oracle\Java\javapath;C:\Program Files\Common Files\Microsoft Shared\Windows Live;C:\Program Files (x86)\Common Files\Microsoft Shared\Windows Live;C:\Program Files (x86)\NVIDIA Corporation\PhysX\Common;C:\Program Files (x86)\Intel\iCLS Client\;C:\Program Files\Intel\iCLS Client\;C:\Windows\system32;C:\Windows;C:\Windows\System32\Wbem;C:\Windows\System32\WindowsPowerShell\v1.0\;C:\Program Files\Intel\Intel(R) Management Engine Components\DAL;C:\Program Files\Intel\Intel(R) Management Engine Components\IPT;C:\Program Files (x86)\Intel\Intel(R) Management Engine Components\DAL;C:\Program Files (x86)\Intel\Intel(R) Management Engine Components\IPT;I:\Software\Python;C:\Program Files (x86)\Windows Live\Shared;C:\Program Files (x86)\Skype\Phone\;C:\Users\Petr\adb;C:\Program Files\Java\jdk1.8.0_60\bin;C:\Users\Petr\AppData\Local\Programs\MiKTeX 2.9\miktex\bin\x64\;I:\Software\Ant\bin;." />
    <property name="ivy.conf.url" value="jar:file:/C:/Users/Petr/workspace/totp/lib/ivy.jar!/org/apache/ivy/core/settings/ivysettings.xml" />
    <property name="java.vm.name.ivy.instance" value="Java HotSpot(TM) 64-Bit Server VM" />
    <property name="os.version.ivy.instance" value="6.1" />
    <property name="line.separator.ivy.instance" value="&#xd;&#xa;" />
    <property name="ant.java.version" value="1.8" />
    <property name="sun.desktop.ivy.instance" value="windows" />
    <property name="sun.cpu.endian.ivy.instance" value="little" />
    <property name="java.vm.specification.name.ivy.instance" value="Java Virtual Machine Specification" />
    <property name="basedir" value="C:\Users\Petr\workspace\totp" />
    <property name="java.class.version" value="52.0" />
    <property name="ivy.settings.url.ivy.instance" value="jar:file:/C:/Users/Petr/workspace/totp/lib/ivy.jar!/org/apache/ivy/core/settings/ivysettings.xml" />
    <property name="path.separator.ivy.instance" value=";" />
    <property name="sun.boot.class.path.ivy.instance" value="C:\Program Files\Java\jdk1.8.0_60\jre\lib\resources.jar;C:\Program Files\Java\jdk1.8.0_60\jre\lib\rt.jar;C:\Program Files\Java\jdk1.8.0_60\jre\lib\sunrsasign.jar;C:\Program Files\Java\jdk1.8.0_60\jre\lib\jsse.jar;C:\Program Files\Java\jdk1.8.0_60\jre\lib\jce.jar;C:\Program Files\Java\jdk1.8.0_60\jre\lib\charsets.jar;C:\Program Files\Java\jdk1.8.0_60\jre\lib\jfr.jar;C:\Program Files\Java\jdk1.8.0_60\jre\classes" />
    <property name="ant.home" value="I:\Software\Ant" />
    <property name="testreport.dir" value="C:\Users\Petr\workspace\totp\build\testreport" />
    <property name="ivy.resolved.configurations" value="default" />
    <property name="ivy.deliver.ivy.pattern" value="C:\Users\Petr\workspace\totp/distrib/[type]s/[artifact]-[revision](-[classifier]).[ext]" />
    <property name="sun.boot.library.path" value="C:\Program Files\Java\jdk1.8.0_60\jre\bin" />
    <property name="build.dir" value="build" />
    <property name="ivy.default.always.check.exact.revision.ivy.instance" value="false" />
    <property name="java.library.path.ivy.instance" value="C:\Program Files\Java\jdk1.8.0_60\bin;C:\Windows\Sun\Java\bin;C:\Windows\system32;C:\Windows;C:\Program Files (x86)\PC Connectivity Solution\;C:\ProgramData\Oracle\Java\javapath;C:\Program Files\Common Files\Microsoft Shared\Windows Live;C:\Program Files (x86)\Common Files\Microsoft Shared\Windows Live;C:\Program Files (x86)\Intel\iCLS Client\;C:\Program Files\Intel\iCLS Client\;C:\Windows\system32;C:\Windows;C:\Windows\System32\Wbem;C:\Windows\System32\WindowsPowerShell\v1.0\;C:\Program Files\Intel\Intel(R) Management Engine Components\DAL;C:\Program Files\Intel\Intel(R) Management Engine Components\IPT;C:\Program Files (x86)\Intel\Intel(R) Management Engine Components\DAL;C:\Program Files (x86)\Intel\Intel(R) Management Engine Components\IPT;I:\Software\Python;C:\Program Files (x86)\Windows Live\Shared;C:\Program Files (x86)\NVIDIA Corporation\PhysX\Common;C:\Program Files (x86)\Skype\Phone\;C:\Program Files\leJOS EV3\bin;C:\ProgramData\Oracle\Java\javapath;C:\Program Files\Common Files\Microsoft Shared\Windows Live;C:\Program Files (x86)\Common Files\Microsoft Shared\Windows Live;C:\Program Files (x86)\NVIDIA Corporation\PhysX\Common;C:\Program Files (x86)\Intel\iCLS Client\;C:\Program Files\Intel\iCLS Client\;C:\Windows\system32;C:\Windows;C:\Windows\System32\Wbem;C:\Windows\System32\WindowsPowerShell\v1.0\;C:\Program Files\Intel\Intel(R) Management Engine Components\DAL;C:\Program Files\Intel\Intel(R) Management Engine Components\IPT;C:\Program Files (x86)\Intel\Intel(R) Management Engine Components\DAL;C:\Program Files (x86)\Intel\Intel(R) Management Engine Components\IPT;I:\Software\Python;C:\Program Files (x86)\Windows Live\Shared;C:\Program Files (x86)\Skype\Phone\;C:\Users\Petr\adb;C:\Program Files\Java\jdk1.8.0_60\bin;C:\Users\Petr\AppData\Local\Programs\MiKTeX 2.9\miktex\bin\x64\;I:\Software\Ant\bin;." />
    <property name="awt.toolkit.ivy.instance" value="sun.awt.windows.WToolkit" />
    <property name="ivy.basedir" value="C:\Users\Petr\workspace\totp" />
    <property name="sun.management.compiler" value="HotSpot 64-Bit Tiered Compilers" />
    <property name="java.ext.dirs.ivy.instance" value="C:\Program Files\Java\jdk1.8.0_60\jre\lib\ext;C:\Windows\Sun\Java\lib\ext" />
    <property name="java.awt.graphicsenv" value="sun.awt.Win32GraphicsEnvironment" />
    <property name="user.variant" value="" />
    <property name="ivy.log.modules.in.use.ivy.instance" value="false" />
    <property name="main-class" value="cz.alej.michalik.totp.client.App" />
    <property name="sun.os.patch.level.ivy.instance" value="Service Pack 1" />
    <property name="file.encoding.pkg.ivy.instance" value="sun.io" />
    <property name="ivy.shared.default.ivy.pattern" value="[organisation]/[module]/[revision]/[type]s/[artifact].[ext]" />
    <property name="ivy.resolver.default.check.modified" value="false" />
    <property name="ivy.settings.file.ivy.instance" value="ivysettings.xml" />
    <property name="jar.dir" value="build/jar" />
    <property name="ivy.nb.targets.copied" value="0" />
    <property name="ant.project.name" value="TOTP" />
    <property name="ivy.cache.dir.ivy.instance" value="C:\Users\Petr\.ivy2\cache" />
    <property name="java.vm.specification.version" value="1.8" />
    <property name="ivy.status.ivy.instance" value="integration" />
    <property name="doc.dir" value="C:\Users\Petr\workspace\totp\docs" />
    <property name="awt.toolkit" value="sun.awt.windows.WToolkit" />
    <property name="sun.cpu.isalist" value="amd64" />
    <property name="sun.stderr.encoding" value="cp852" />
    <property name="file.separator.ivy.instance" value="\" />
    <property name="ivy.deps.changed" value="false" />
    <property name="java.ext.dirs" value="C:\Program Files\Java\jdk1.8.0_60\jre\lib\ext;C:\Windows\Sun\Java\lib\ext" />
    <property name="ivy.local.default.root.ivy.instance" value="C:\Users\Petr\.ivy2/local" />
    <property name="os.version" value="6.1" />
    <property name="user.home" value="C:\Users\Petr" />
    <property name="sun.java.launcher.ivy.instance" value="SUN_STANDARD" />
    <property name="java.vm.vendor" value="Oracle Corporation" />
    <property name="ivy.local.default.root" value="C:\Users\Petr\.ivy2/local" />
    <property name="ivy.organisation" value="cz.alej" />
    <property name="user.dir" value="C:\Users\Petr\workspace\totp" />
    <property name="ant.library.dir.ivy.instance" value="I:\Software\Ant\lib" />
    <property name="ivy.local.default.ivy.pattern" value="[organisation]/[module]/[revision]/[type]s/[artifact].[ext]" />
    <property name="ivy.shared.default.ivy.pattern.ivy.instance" value="[organisation]/[module]/[revision]/[type]s/[artifact].[ext]" />
    <property name="java.vm.info.ivy.instance" value="mixed mode" />
    <property name="ivy.publish.src.artifacts.pattern" value="C:\Users\Petr\workspace\totp/distrib/[type]s/[artifact]-[revision](-[classifier]).[ext]" />
    <property name="sun.java.command.ivy.instance" value="org.apache.tools.ant.launch.Launcher test" />
    <property name="ivy.distrib.dir" value="C:\Users\Petr\workspace\totp/distrib" />
    <property name="sun.cpu.endian" value="little" />
    <property name="ivy.revision" value="working@Petr-PC" />
    <property name="user.timezone.ivy.instance" value="Europe/Prague" />
    <property name="java.vm.version" value="25.60-b23" />
    <property name="sun.stderr.encoding.ivy.instance" value="cp852" />
    <property name="ivy.default.ivy.user.dir" value="C:\Users\Petr\.ivy2" />
    <property name="java.class.path" value="C:\Users\Petr\workspace\totp\build\classes;C:\Users\Petr\workspace\totp\lib\commons-codec-1.10-javadoc.jar;C:\Users\Petr\workspace\totp\lib\commons-codec-1.10-sources.jar;C:\Users\Petr\workspace\totp\lib\commons-codec-1.10.jar;C:\Users\Petr\workspace\totp\lib\hamcrest-core-1.3-javadoc.jar;C:\Users\Petr\workspace\totp\lib\hamcrest-core-1.3-sources.jar;C:\Users\Petr\workspace\totp\lib\hamcrest-core-1.3.jar;C:\Users\Petr\workspace\totp\lib\ivy.jar;C:\Users\Petr\workspace\totp\lib\junit-4.12-javadoc.jar;C:\Users\Petr\workspace\totp\lib\junit-4.12-sources.jar;C:\Users\Petr\workspace\totp\lib\junit-4.12.jar;I:\Software\Ant\lib\ant-launcher.jar;I:\Software\Ant\lib\ant.jar;I:\Software\Ant\lib\ant-junit.jar;I:\Software\Ant\lib\ant-junit4.jar" />
    <property name="user.home.ivy.instance" value="C:\Users\Petr" />
    <property name="basedir.ivy.instance" value="C:\Users\Petr\workspace\totp" />
    <property name="ant.library.dir" value="I:\Software\Ant\lib" />
    <property name="os.arch" value="amd64" />
    <property name="ivy.jar.dir" value="C:\Users\Petr\workspace\totp/lib" />
    <property name="java.awt.graphicsenv.ivy.instance" value="sun.awt.Win32GraphicsEnvironment" />
    <property name="java.vendor.url.bug.ivy.instance" value="http://bugreport.sun.com/bugreport/" />
    <property name="java.vm.specification.version.ivy.instance" value="1.8" />
    <property name="sun.java.launcher" value="SUN_STANDARD" />
    <property name="classes.dir" value="build/classes" />
    <property name="java.awt.printerjob.ivy.instance" value="sun.awt.windows.WPrinterJob" />
    <property name="ivy.settings.dir.ivy.instance" value="jar:file:/C:/Users/Petr/workspace/totp/lib/ivy.jar!/org/apache/ivy/core/settings" />
    <property name="ivy.resolver.default.check.modified.ivy.instance" value="false" />
    <property name="ant.core.lib" value="I:\Software\Ant\lib\ant.jar" />
    <property name="ivy.settings.dir" value="jar:file:/C:/Users/Petr/workspace/totp/lib/ivy.jar!/org/apache/ivy/core/settings" />
    <property name="java.vm.specification.vendor" value="Oracle Corporation" />
    <property name="file.separator" value="\" />
    <property name="user.language.ivy.instance" value="cs" />
    <property name="ivy.shared.default.artifact.pattern.ivy.instance" value="[organisation]/[module]/[revision]/[type]s/[artifact].[ext]" />
    <property name="user.country.ivy.instance" value="CZ" />
    <property name="ivy.conf.url.ivy.instance" value="jar:file:/C:/Users/Petr/workspace/totp/lib/ivy.jar!/org/apache/ivy/core/settings/ivysettings.xml" />
    <property name="java.specification.name.ivy.instance" value="Java Platform API Specification" />
    <property name="java.runtime.version" value="1.8.0_60-b27" />
    <property name="sun.boot.class.path" value="C:\Program Files\Java\jdk1.8.0_60\jre\lib\resources.jar;C:\Program Files\Java\jdk1.8.0_60\jre\lib\rt.jar;C:\Program Files\Java\jdk1.8.0_60\jre\lib\sunrsasign.jar;C:\Program Files\Java\jdk1.8.0_60\jre\lib\jsse.jar;C:\Program Files\Java\jdk1.8.0_60\jre\lib\jce.jar;C:\Program Files\Java\jdk1.8.0_60\jre\lib\charsets.jar;C:\Program Files\Java\jdk1.8.0_60\jre\lib\jfr.jar;C:\Program Files\Java\jdk1.8.0_60\jre\classes" />
    <property name="ivy.conf.dir" value="jar:file:/C:/Users/Petr/workspace/totp/lib/ivy.jar!/org/apache/ivy/core/settings" />
    <property name="ivy.retrieve.pattern" value="C:\Users\Petr\workspace\totp/lib/[artifact]-[revision](-[classifier]).[ext]" />
    <property name="user.country" value="CZ" />
    <property name="ivy.shared.default.root" value="C:\Users\Petr\.ivy2/shared" />
    <property name="java.version.ivy.instance" value="1.8.0_60" />
    <property name="ivy.resolved.file" value="C:\Users\Petr\workspace\totp\ivy.xml" />
    <property name="sun.stdout.encoding.ivy.instance" value="cp852" />
    <property name="os.arch.ivy.instance" value="amd64" />
    <property name="java.vendor" value="Oracle Corporation" />
    <property name="ivy.project.dir" value="C:\Users\Petr\workspace\totp" />
    <property name="java.specification.version" value="1.8" />
    <property name="sun.arch.data.model" value="64" />
    <property name="ivy.buildlist.ivyfilepath" value="ivy.xml" />
  </properties>
  <testcase classname="cz.alej.michalik.totp_test.utility.HMACTest" name="emptyString" time="0.177" />
  <testcase classname="cz.alej.michalik.totp_test.utility.HMACTest" name="testString" time="0.001" />
  <system-out><![CDATA[]]></system-out>
  <system-err><![CDATA[]]></system-err>
</testsuite>
